github.com/umatare5/cisco-ios-xe-wireless-go/afc/service.go:33:				NewService			100.0%
github.com/umatare5/cisco-ios-xe-wireless-go/afc/service.go:38:				Oper				100.0%
github.com/umatare5/cisco-ios-xe-wireless-go/afc/service.go:43:				APResp				100.0%
github.com/umatare5/cisco-ios-xe-wireless-go/afc/service.go:48:				CloudOper			100.0%
github.com/umatare5/cisco-ios-xe-wireless-go/afc/service.go:53:				CloudStats			100.0%
github.com/umatare5/cisco-ios-xe-wireless-go/ap/service.go:53:				NewService			100.0%
github.com/umatare5/cisco-ios-xe-wireless-go/ap/service.go:60:				Cfg				100.0%
github.com/umatare5/cisco-ios-xe-wireless-go/ap/service.go:65:				TagSourcePriorityConfigs	100.0%
github.com/umatare5/cisco-ios-xe-wireless-go/ap/service.go:70:				ApTags				100.0%
github.com/umatare5/cisco-ios-xe-wireless-go/ap/service.go:77:				Oper				100.0%
github.com/umatare5/cisco-ios-xe-wireless-go/ap/service.go:82:				RadioNeighbor			100.0%
github.com/umatare5/cisco-ios-xe-wireless-go/ap/service.go:87:				NameMacMap			100.0%
github.com/umatare5/cisco-ios-xe-wireless-go/ap/service.go:96:				CapwapData			100.0%
github.com/umatare5/cisco-ios-xe-wireless-go/ap/service.go:107:				GlobalOper			100.0%
github.com/umatare5/cisco-ios-xe-wireless-go/ap/service.go:112:				History				100.0%
github.com/umatare5/cisco-ios-xe-wireless-go/ap/service.go:117:				EwlcApStats			100.0%
github.com/umatare5/cisco-ios-xe-wireless-go/apf/service.go:24:				NewService			100.0%
github.com/umatare5/cisco-ios-xe-wireless-go/apf/service.go:29:				Cfg				100.0%
github.com/umatare5/cisco-ios-xe-wireless-go/awips/service.go:24:			NewService			100.0%
github.com/umatare5/cisco-ios-xe-wireless-go/awips/service.go:29:			Oper				100.0%
github.com/umatare5/cisco-ios-xe-wireless-go/ble/service.go:24:				NewService			100.0%
github.com/umatare5/cisco-ios-xe-wireless-go/ble/service.go:29:				Oper				100.0%
github.com/umatare5/cisco-ios-xe-wireless-go/client/service.go:42:			NewService			100.0%
github.com/umatare5/cisco-ios-xe-wireless-go/client/service.go:49:			Oper				100.0%
github.com/umatare5/cisco-ios-xe-wireless-go/client/service.go:54:			CommonOperData			100.0%
github.com/umatare5/cisco-ios-xe-wireless-go/client/service.go:59:			Dot11OperData			100.0%
github.com/umatare5/cisco-ios-xe-wireless-go/client/service.go:64:			MobilityOperData		100.0%
github.com/umatare5/cisco-ios-xe-wireless-go/client/service.go:69:			MmIfClientStats			100.0%
github.com/umatare5/cisco-ios-xe-wireless-go/client/service.go:74:			MmIfClientHistory		100.0%
github.com/umatare5/cisco-ios-xe-wireless-go/client/service.go:79:			TrafficStats			100.0%
github.com/umatare5/cisco-ios-xe-wireless-go/client/service.go:84:			PolicyData			100.0%
github.com/umatare5/cisco-ios-xe-wireless-go/client/service.go:89:			SisfDBMac			100.0%
github.com/umatare5/cisco-ios-xe-wireless-go/client/service.go:94:			DcInfo				100.0%
github.com/umatare5/cisco-ios-xe-wireless-go/cts/service.go:24:				NewService			100.0%
github.com/umatare5/cisco-ios-xe-wireless-go/cts/service.go:29:				Cfg				100.0%
github.com/umatare5/cisco-ios-xe-wireless-go/dot11/service.go:24:			NewService			100.0%
github.com/umatare5/cisco-ios-xe-wireless-go/dot11/service.go:29:			Cfg				100.0%
github.com/umatare5/cisco-ios-xe-wireless-go/dot15/service.go:24:			NewService			100.0%
github.com/umatare5/cisco-ios-xe-wireless-go/dot15/service.go:29:			Cfg				100.0%
github.com/umatare5/cisco-ios-xe-wireless-go/fabric/service.go:24:			NewService			100.0%
github.com/umatare5/cisco-ios-xe-wireless-go/fabric/service.go:29:			Cfg				100.0%
github.com/umatare5/cisco-ios-xe-wireless-go/flex/service.go:24:			NewService			100.0%
github.com/umatare5/cisco-ios-xe-wireless-go/flex/service.go:29:			Cfg				100.0%
github.com/umatare5/cisco-ios-xe-wireless-go/general/service.go:57:			NewService			100.0%
github.com/umatare5/cisco-ios-xe-wireless-go/general/service.go:64:			Oper				100.0%
github.com/umatare5/cisco-ios-xe-wireless-go/general/service.go:69:			MgmtIntfData			100.0%
github.com/umatare5/cisco-ios-xe-wireless-go/general/service.go:76:			Cfg				100.0%
github.com/umatare5/cisco-ios-xe-wireless-go/general/service.go:81:			MewlcConfig			100.0%
github.com/umatare5/cisco-ios-xe-wireless-go/general/service.go:86:			CacConfig			100.0%
github.com/umatare5/cisco-ios-xe-wireless-go/general/service.go:91:			Mfp				100.0%
github.com/umatare5/cisco-ios-xe-wireless-go/general/service.go:96:			FipsCfg				100.0%
github.com/umatare5/cisco-ios-xe-wireless-go/general/service.go:101:			WsaApClientEvent		100.0%
github.com/umatare5/cisco-ios-xe-wireless-go/general/service.go:106:			SimL3InterfaceCacheData		100.0%
github.com/umatare5/cisco-ios-xe-wireless-go/general/service.go:111:			WlcManagementData		100.0%
github.com/umatare5/cisco-ios-xe-wireless-go/general/service.go:116:			Laginfo				100.0%
github.com/umatare5/cisco-ios-xe-wireless-go/general/service.go:121:			MulticastConfig			100.0%
github.com/umatare5/cisco-ios-xe-wireless-go/general/service.go:126:			FeatureUsageCfg			100.0%
github.com/umatare5/cisco-ios-xe-wireless-go/general/service.go:131:			ThresholdWarnCfg		100.0%
github.com/umatare5/cisco-ios-xe-wireless-go/general/service.go:136:			ApLocRangingCfg			100.0%
github.com/umatare5/cisco-ios-xe-wireless-go/general/service.go:141:			GeolocationCfg			100.0%
github.com/umatare5/cisco-ios-xe-wireless-go/geolocation/service.go:26:			NewService			100.0%
github.com/umatare5/cisco-ios-xe-wireless-go/geolocation/service.go:32:			Oper				100.0%
github.com/umatare5/cisco-ios-xe-wireless-go/geolocation/service.go:37:			ApGeoLocStats			100.0%
github.com/umatare5/cisco-ios-xe-wireless-go/hyperlocation/service.go:26:		NewService			100.0%
github.com/umatare5/cisco-ios-xe-wireless-go/hyperlocation/service.go:31:		Oper				100.0%
github.com/umatare5/cisco-ios-xe-wireless-go/hyperlocation/service.go:36:		Profiles			100.0%
github.com/umatare5/cisco-ios-xe-wireless-go/internal/constants/constants.go:198:	BuildYangModulePath		100.0%
github.com/umatare5/cisco-ios-xe-wireless-go/internal/constants/constants.go:203:	BuildWirelessYangModule		100.0%
github.com/umatare5/cisco-ios-xe-wireless-go/internal/constants/constants.go:208:	BuildYangEndpoint		100.0%
github.com/umatare5/cisco-ios-xe-wireless-go/internal/constants/constants.go:217:	BuildAPCfgPath			100.0%
github.com/umatare5/cisco-ios-xe-wireless-go/internal/constants/constants.go:225:	BuildAPOperPath			100.0%
github.com/umatare5/cisco-ios-xe-wireless-go/internal/constants/constants.go:234:	BuildAPGlobalOperPath		100.0%
github.com/umatare5/cisco-ios-xe-wireless-go/internal/core/client.go:38:		WithTimeout			100.0%
github.com/umatare5/cisco-ios-xe-wireless-go/internal/core/client.go:49:		WithInsecureSkipVerify		100.0%
github.com/umatare5/cisco-ios-xe-wireless-go/internal/core/client.go:59:		WithLogger			100.0%
github.com/umatare5/cisco-ios-xe-wireless-go/internal/core/client.go:70:		WithUserAgent			100.0%
github.com/umatare5/cisco-ios-xe-wireless-go/internal/core/client.go:79:		New				100.0%
github.com/umatare5/cisco-ios-xe-wireless-go/internal/core/client.go:118:		Do				100.0%
github.com/umatare5/cisco-ios-xe-wireless-go/internal/core/client.go:147:		validateDoParameters		100.0%
github.com/umatare5/cisco-ios-xe-wireless-go/internal/core/client.go:161:		createRequest			100.0%
github.com/umatare5/cisco-ios-xe-wireless-go/internal/core/client.go:176:		executeRequest			100.0%
github.com/umatare5/cisco-ios-xe-wireless-go/internal/core/client.go:186:		closeResponseBody		100.0%
github.com/umatare5/cisco-ios-xe-wireless-go/internal/core/client.go:193:		readResponseBody		100.0%
github.com/umatare5/cisco-ios-xe-wireless-go/internal/core/client.go:205:		checkHTTPErrors			100.0%
github.com/umatare5/cisco-ios-xe-wireless-go/internal/core/client.go:218:		unmarshalResponse		100.0%
github.com/umatare5/cisco-ios-xe-wireless-go/internal/core/client.go:373:		AFC				100.0%
github.com/umatare5/cisco-ios-xe-wireless-go/internal/core/client.go:380:		AP				100.0%
github.com/umatare5/cisco-ios-xe-wireless-go/internal/core/client.go:386:		Client				100.0%
github.com/umatare5/cisco-ios-xe-wireless-go/internal/core/client.go:392:		General				100.0%
github.com/umatare5/cisco-ios-xe-wireless-go/internal/core/client.go:398:		RRM				100.0%
github.com/umatare5/cisco-ios-xe-wireless-go/internal/core/client.go:404:		WLAN				100.0%
github.com/umatare5/cisco-ios-xe-wireless-go/internal/core/client.go:410:		Rogue				100.0%
github.com/umatare5/cisco-ios-xe-wireless-go/internal/core/client.go:416:		NMSP				100.0%
github.com/umatare5/cisco-ios-xe-wireless-go/internal/core/client.go:422:		Hyperlocation			100.0%
github.com/umatare5/cisco-ios-xe-wireless-go/internal/core/client.go:428:		MDNS				100.0%
github.com/umatare5/cisco-ios-xe-wireless-go/internal/core/client.go:434:		Geolocation			100.0%
github.com/umatare5/cisco-ios-xe-wireless-go/internal/core/client.go:440:		Mcast				100.0%
github.com/umatare5/cisco-ios-xe-wireless-go/internal/core/client.go:446:		APF				100.0%
github.com/umatare5/cisco-ios-xe-wireless-go/internal/core/client.go:452:		AWIPS				100.0%
github.com/umatare5/cisco-ios-xe-wireless-go/internal/core/client.go:458:		BLE				100.0%
github.com/umatare5/cisco-ios-xe-wireless-go/internal/core/client.go:464:		CTS				100.0%
github.com/umatare5/cisco-ios-xe-wireless-go/internal/core/client.go:470:		Dot11				100.0%
github.com/umatare5/cisco-ios-xe-wireless-go/internal/core/client.go:476:		Dot15				100.0%
github.com/umatare5/cisco-ios-xe-wireless-go/internal/core/client.go:482:		Fabric				100.0%
github.com/umatare5/cisco-ios-xe-wireless-go/internal/core/client.go:488:		Flex				100.0%
github.com/umatare5/cisco-ios-xe-wireless-go/internal/core/client.go:494:		Location			100.0%
github.com/umatare5/cisco-ios-xe-wireless-go/internal/core/client.go:500:		Radio				100.0%
github.com/umatare5/cisco-ios-xe-wireless-go/internal/core/client.go:506:		RF				100.0%
github.com/umatare5/cisco-ios-xe-wireless-go/internal/core/client.go:512:		RFID				100.0%
github.com/umatare5/cisco-ios-xe-wireless-go/internal/core/client.go:518:		Mobility			100.0%
github.com/umatare5/cisco-ios-xe-wireless-go/internal/core/client.go:524:		Mesh				100.0%
github.com/umatare5/cisco-ios-xe-wireless-go/internal/core/client.go:530:		Site				100.0%
github.com/umatare5/cisco-ios-xe-wireless-go/internal/core/client.go:536:		LISP				100.0%
github.com/umatare5/cisco-ios-xe-wireless-go/internal/core/errors.go:30:		Error				100.0%
github.com/umatare5/cisco-ios-xe-wireless-go/internal/core/errors.go:65:		Error				100.0%
github.com/umatare5/cisco-ios-xe-wireless-go/internal/core/errors.go:70:		isSuccessStatusCode		100.0%
github.com/umatare5/cisco-ios-xe-wireless-go/internal/core/errors.go:75:		isAuthenticationError		100.0%
github.com/umatare5/cisco-ios-xe-wireless-go/internal/core/errors.go:80:		isAccessForbiddenError		100.0%
github.com/umatare5/cisco-ios-xe-wireless-go/internal/core/errors.go:85:		isNotFoundError			100.0%
github.com/umatare5/cisco-ios-xe-wireless-go/internal/core/errors.go:90:		isDeadlineExceededError		100.0%
github.com/umatare5/cisco-ios-xe-wireless-go/internal/core/get.go:9:			Get				100.0%
github.com/umatare5/cisco-ios-xe-wireless-go/internal/httpx/transport.go:47:		NewTransport			100.0%
github.com/umatare5/cisco-ios-xe-wireless-go/internal/httpx/transport.go:64:		DefaultHeaders			100.0%
github.com/umatare5/cisco-ios-xe-wireless-go/internal/restconf/builder.go:62:		NewBuilder			100.0%
github.com/umatare5/cisco-ios-xe-wireless-go/internal/restconf/builder.go:70:		BuildBaseURL			100.0%
github.com/umatare5/cisco-ios-xe-wireless-go/internal/restconf/builder.go:75:		BuildRESTCONFURL		100.0%
github.com/umatare5/cisco-ios-xe-wireless-go/internal/restconf/builder.go:81:		normalizeEndpointPath		100.0%
github.com/umatare5/cisco-ios-xe-wireless-go/internal/restconf/builder.go:89:		BuildYANGLibraryURL		100.0%
github.com/umatare5/cisco-ios-xe-wireless-go/internal/restconf/builder.go:94:		BuildYANGModuleURL		100.0%
github.com/umatare5/cisco-ios-xe-wireless-go/internal/restconf/builder.go:99:		BuildEndpointURL		100.0%
github.com/umatare5/cisco-ios-xe-wireless-go/internal/restconf/builder.go:106:		IsValidProtocol			100.0%
github.com/umatare5/cisco-ios-xe-wireless-go/internal/restconf/builder.go:111:		IsValidYANGModel		100.0%
github.com/umatare5/cisco-ios-xe-wireless-go/internal/restconf/builder.go:116:		hasValidYANGPrefix		100.0%
github.com/umatare5/cisco-ios-xe-wireless-go/internal/restconf/builder.go:121:		hasValidYANGSuffix		100.0%
github.com/umatare5/cisco-ios-xe-wireless-go/internal/restconf/builder.go:127:		IsValidRevision			100.0%
github.com/umatare5/cisco-ios-xe-wireless-go/internal/restconf/builder.go:137:		hasValidDateFormat		100.0%
github.com/umatare5/cisco-ios-xe-wireless-go/internal/restconf/builder.go:142:		hasValidDateComponents		100.0%
github.com/umatare5/cisco-ios-xe-wireless-go/internal/restconf/builder.go:151:		isDigits			100.0%
github.com/umatare5/cisco-ios-xe-wireless-go/internal/tests/helpers.go:36:		createTestClient		100.0%
github.com/umatare5/cisco-ios-xe-wireless-go/internal/tests/helpers.go:43:		TestClient			92.9%
github.com/umatare5/cisco-ios-xe-wireless-go/internal/tests/helpers.go:74:		TestClientAttempt		100.0%
github.com/umatare5/cisco-ios-xe-wireless-go/internal/tests/helpers.go:86:		OptionalTestClient		100.0%
github.com/umatare5/cisco-ios-xe-wireless-go/internal/tests/helpers.go:103:		CreateTestClientFromEnv		100.0%
github.com/umatare5/cisco-ios-xe-wireless-go/internal/tests/helpers.go:123:		TestContext			100.0%
github.com/umatare5/cisco-ios-xe-wireless-go/internal/tests/helpers.go:126:		TestContextWithTimeout		100.0%
github.com/umatare5/cisco-ios-xe-wireless-go/internal/tests/helpers.go:148:		SkipIfNoConnection		100.0%
github.com/umatare5/cisco-ios-xe-wireless-go/internal/tests/helpers.go:169:		SaveTestDataToFile		100.0%
github.com/umatare5/cisco-ios-xe-wireless-go/internal/tests/helpers.go:217:		NewGenericTestDataCollector	100.0%
github.com/umatare5/cisco-ios-xe-wireless-go/internal/tests/helpers.go:224:		Collect				100.0%
github.com/umatare5/cisco-ios-xe-wireless-go/internal/tests/helpers.go:234:		RunServiceTests			95.3%
github.com/umatare5/cisco-ios-xe-wireless-go/internal/tests/helpers.go:375:		ValidateStructType		100.0%
github.com/umatare5/cisco-ios-xe-wireless-go/internal/tests/helpers.go:391:		AssertNonNilResult		100.0%
github.com/umatare5/cisco-ios-xe-wireless-go/internal/tests/helpers.go:399:		LogMethodResult			100.0%
github.com/umatare5/cisco-ios-xe-wireless-go/internal/tests/helpers.go:409:		StandardJSONTestCases		100.0%
github.com/umatare5/cisco-ios-xe-wireless-go/internal/tests/helpers.go:433:		PascalCase			100.0%
github.com/umatare5/cisco-ios-xe-wireless-go/internal/validation/validation.go:43:	IsValidController		100.0%
github.com/umatare5/cisco-ios-xe-wireless-go/internal/validation/validation.go:48:	IsValidAccessToken		100.0%
github.com/umatare5/cisco-ios-xe-wireless-go/internal/validation/validation.go:53:	IsPositiveTimeout		100.0%
github.com/umatare5/cisco-ios-xe-wireless-go/lisp/service.go:24:			NewService			100.0%
github.com/umatare5/cisco-ios-xe-wireless-go/lisp/service.go:29:			Oper				100.0%
github.com/umatare5/cisco-ios-xe-wireless-go/location/service.go:24:			NewService			100.0%
github.com/umatare5/cisco-ios-xe-wireless-go/location/service.go:29:			Cfg				100.0%
github.com/umatare5/cisco-ios-xe-wireless-go/mcast/service.go:28:			NewService			100.0%
github.com/umatare5/cisco-ios-xe-wireless-go/mcast/service.go:33:			Oper				100.0%
github.com/umatare5/cisco-ios-xe-wireless-go/mcast/service.go:38:			FlexMediastreamClientSummary	100.0%
github.com/umatare5/cisco-ios-xe-wireless-go/mcast/service.go:47:			VlanL2MgidOp			100.0%
github.com/umatare5/cisco-ios-xe-wireless-go/mdns/service.go:28:			NewService			100.0%
github.com/umatare5/cisco-ios-xe-wireless-go/mdns/service.go:33:			Oper				100.0%
github.com/umatare5/cisco-ios-xe-wireless-go/mdns/service.go:38:			GlobalStats			100.0%
github.com/umatare5/cisco-ios-xe-wireless-go/mdns/service.go:43:			WlanStats			100.0%
github.com/umatare5/cisco-ios-xe-wireless-go/mesh/service.go:29:			NewService			100.0%
github.com/umatare5/cisco-ios-xe-wireless-go/mesh/service.go:34:			Oper				100.0%
github.com/umatare5/cisco-ios-xe-wireless-go/mesh/service.go:39:			Cfg				100.0%
github.com/umatare5/cisco-ios-xe-wireless-go/mobility/service.go:24:			NewService			100.0%
github.com/umatare5/cisco-ios-xe-wireless-go/mobility/service.go:29:			Oper				100.0%
github.com/umatare5/cisco-ios-xe-wireless-go/nmsp/service.go:30:			NewService			100.0%
github.com/umatare5/cisco-ios-xe-wireless-go/nmsp/service.go:35:			Oper				100.0%
github.com/umatare5/cisco-ios-xe-wireless-go/nmsp/service.go:40:			ClientRegistration		100.0%
github.com/umatare5/cisco-ios-xe-wireless-go/nmsp/service.go:45:			CmxConnection			100.0%
github.com/umatare5/cisco-ios-xe-wireless-go/nmsp/service.go:50:			CmxCloudInfo			100.0%
github.com/umatare5/cisco-ios-xe-wireless-go/radio/service.go:24:			NewService			100.0%
github.com/umatare5/cisco-ios-xe-wireless-go/radio/service.go:29:			Cfg				100.0%
github.com/umatare5/cisco-ios-xe-wireless-go/rf/service.go:24:				NewService			100.0%
github.com/umatare5/cisco-ios-xe-wireless-go/rf/service.go:29:				Cfg				100.0%
github.com/umatare5/cisco-ios-xe-wireless-go/rfid/service.go:24:			NewService			100.0%
github.com/umatare5/cisco-ios-xe-wireless-go/rfid/service.go:29:			Cfg				100.0%
github.com/umatare5/cisco-ios-xe-wireless-go/rogue/service.go:32:			NewService			100.0%
github.com/umatare5/cisco-ios-xe-wireless-go/rogue/service.go:37:			Oper				100.0%
github.com/umatare5/cisco-ios-xe-wireless-go/rogue/service.go:42:			Stats				100.0%
github.com/umatare5/cisco-ios-xe-wireless-go/rogue/service.go:47:			Data				100.0%
github.com/umatare5/cisco-ios-xe-wireless-go/rogue/service.go:52:			ClientData			100.0%
github.com/umatare5/cisco-ios-xe-wireless-go/rogue/service.go:57:			RldpStats			100.0%
github.com/umatare5/cisco-ios-xe-wireless-go/rrm/service.go:39:				NewService			100.0%
github.com/umatare5/cisco-ios-xe-wireless-go/rrm/service.go:46:				Cfg				100.0%
github.com/umatare5/cisco-ios-xe-wireless-go/rrm/service.go:53:				Oper				100.0%
github.com/umatare5/cisco-ios-xe-wireless-go/rrm/service.go:58:				GlobalOper			100.0%
github.com/umatare5/cisco-ios-xe-wireless-go/rrm/service.go:63:				EmulOper			100.0%
github.com/umatare5/cisco-ios-xe-wireless-go/site/service.go:24:			NewService			100.0%
github.com/umatare5/cisco-ios-xe-wireless-go/site/service.go:29:			Oper				100.0%
github.com/umatare5/cisco-ios-xe-wireless-go/wlan/service.go:38:			NewService			100.0%
github.com/umatare5/cisco-ios-xe-wireless-go/wlan/service.go:45:			Cfg				100.0%
github.com/umatare5/cisco-ios-xe-wireless-go/wlan/service.go:50:			CfgEntries			100.0%
github.com/umatare5/cisco-ios-xe-wireless-go/wlan/service.go:55:			Policies			100.0%
github.com/umatare5/cisco-ios-xe-wireless-go/wlan/service.go:60:			PolicyListEntries		100.0%
github.com/umatare5/cisco-ios-xe-wireless-go/wlan/service.go:65:			WirelessAaaPolicyConfigs	100.0%
github.com/umatare5/cisco-ios-xe-wireless-go/wlan/service.go:72:			GlobalOper			100.0%
github.com/umatare5/cisco-ios-xe-wireless-go/wnc.go:60:					NewClient			100.0%
github.com/umatare5/cisco-ios-xe-wireless-go/wnc.go:70:					Core				100.0%
github.com/umatare5/cisco-ios-xe-wireless-go/wnc.go:77:					AFC				100.0%
github.com/umatare5/cisco-ios-xe-wireless-go/wnc.go:82:					AP				100.0%
github.com/umatare5/cisco-ios-xe-wireless-go/wnc.go:87:					APF				100.0%
github.com/umatare5/cisco-ios-xe-wireless-go/wnc.go:92:					AWIPS				100.0%
github.com/umatare5/cisco-ios-xe-wireless-go/wnc.go:97:					BLE				100.0%
github.com/umatare5/cisco-ios-xe-wireless-go/wnc.go:102:				Client				100.0%
github.com/umatare5/cisco-ios-xe-wireless-go/wnc.go:107:				CTS				100.0%
github.com/umatare5/cisco-ios-xe-wireless-go/wnc.go:112:				Dot11				100.0%
github.com/umatare5/cisco-ios-xe-wireless-go/wnc.go:117:				Dot15				100.0%
github.com/umatare5/cisco-ios-xe-wireless-go/wnc.go:122:				Fabric				100.0%
github.com/umatare5/cisco-ios-xe-wireless-go/wnc.go:127:				Flex				100.0%
github.com/umatare5/cisco-ios-xe-wireless-go/wnc.go:132:				General				100.0%
github.com/umatare5/cisco-ios-xe-wireless-go/wnc.go:137:				Geolocation			100.0%
github.com/umatare5/cisco-ios-xe-wireless-go/wnc.go:142:				Hyperlocation			100.0%
github.com/umatare5/cisco-ios-xe-wireless-go/wnc.go:147:				LISP				100.0%
github.com/umatare5/cisco-ios-xe-wireless-go/wnc.go:152:				Location			100.0%
github.com/umatare5/cisco-ios-xe-wireless-go/wnc.go:157:				Mcast				100.0%
github.com/umatare5/cisco-ios-xe-wireless-go/wnc.go:162:				MDNS				100.0%
github.com/umatare5/cisco-ios-xe-wireless-go/wnc.go:167:				Mesh				100.0%
github.com/umatare5/cisco-ios-xe-wireless-go/wnc.go:172:				Mobility			100.0%
github.com/umatare5/cisco-ios-xe-wireless-go/wnc.go:177:				NMSP				100.0%
github.com/umatare5/cisco-ios-xe-wireless-go/wnc.go:182:				Radio				100.0%
github.com/umatare5/cisco-ios-xe-wireless-go/wnc.go:187:				RF				100.0%
github.com/umatare5/cisco-ios-xe-wireless-go/wnc.go:192:				RFID				100.0%
github.com/umatare5/cisco-ios-xe-wireless-go/wnc.go:197:				Rogue				100.0%
github.com/umatare5/cisco-ios-xe-wireless-go/wnc.go:202:				RRM				100.0%
github.com/umatare5/cisco-ios-xe-wireless-go/wnc.go:207:				Site				100.0%
github.com/umatare5/cisco-ios-xe-wireless-go/wnc.go:212:				WLAN				100.0%
total:											(statements)			99.1%
